<?xml version="1.0" encoding="UTF-8"?>
<testng-results skipped="0" failed="1" total="2" passed="1">
  <reporter-output>
    <line>
      <![CDATA[HI]]>
    </line>
    <line>
      <![CDATA[Test:TestA is Fail]]>
    </line>
    <line>
      <![CDATA[TestName:TestA Status:FAIL]]>
    </line>
    <line>
      <![CDATA[PHOTO:./photo/Thu Oct 04 18_44_46 IST 2018.png]]>
    </line>
    <line>
      <![CDATA[Test:testA is Pass ]]>
    </line>
    <line>
      <![CDATA[TestName:testA Status:PASS]]>
    </line>
  </reporter-output>
  <suite name="Default suite" duration-ms="20679" started-at="2018-10-04T13:14:37Z" finished-at="2018-10-04T13:14:57Z">
    <groups>
    </groups>
    <test name="Default test" duration-ms="20679" started-at="2018-10-04T13:14:37Z" finished-at="2018-10-04T13:14:57Z">
      <class name="FrameworkScript.DemoA">
        <test-method status="PASS" signature="openApp(java.lang.String, java.lang.String)[pri:0, instance:FrameworkScript.DemoA@482f8f11]" name="openApp" is-config="true" duration-ms="9476" started-at="2018-10-04T18:44:37Z" finished-at="2018-10-04T18:44:46Z">
          <params>
            <param index="0">
              <value>
                <![CDATA[localhost]]>
              </value>
            </param>
            <param index="1">
              <value>
                <![CDATA[chrome]]>
              </value>
            </param>
          </params>
          <reporter-output>
          </reporter-output>
        </test-method> <!-- openApp -->
        <test-method status="FAIL" signature="TestA()[pri:0, instance:FrameworkScript.DemoA@482f8f11]" name="TestA" duration-ms="15" started-at="2018-10-04T18:44:46Z" finished-at="2018-10-04T18:44:46Z">
          <exception class="java.lang.AssertionError">
            <message>
              <![CDATA[null]]>
            </message>
            <full-stacktrace>
              <![CDATA[java.lang.AssertionError: null
	at org.testng.Assert.fail(Assert.java:94)
	at org.testng.Assert.fail(Assert.java:101)
	at FrameworkScript.DemoA.TestA(DemoA.java:23)
	at sun.reflect.NativeMethodAccessorImpl.invoke0(Native Method)
	at sun.reflect.NativeMethodAccessorImpl.invoke(Unknown Source)
	at sun.reflect.DelegatingMethodAccessorImpl.invoke(Unknown Source)
	at java.lang.reflect.Method.invoke(Unknown Source)
	at org.testng.internal.MethodInvocationHelper.invokeMethod(MethodInvocationHelper.java:100)
	at org.testng.internal.Invoker.invokeMethod(Invoker.java:646)
	at org.testng.internal.Invoker.invokeTestMethod(Invoker.java:811)
	at org.testng.internal.Invoker.invokeTestMethods(Invoker.java:1129)
	at org.testng.internal.TestMethodWorker.invokeTestMethods(TestMethodWorker.java:129)
	at org.testng.internal.TestMethodWorker.run(TestMethodWorker.java:112)
	at org.testng.TestRunner.privateRun(TestRunner.java:746)
	at org.testng.TestRunner.run(TestRunner.java:600)
	at org.testng.SuiteRunner.runTest(SuiteRunner.java:366)
	at org.testng.SuiteRunner.runSequentially(SuiteRunner.java:361)
	at org.testng.SuiteRunner.privateRun(SuiteRunner.java:319)
	at org.testng.SuiteRunner.run(SuiteRunner.java:268)
	at org.testng.SuiteRunnerWorker.runSuite(SuiteRunnerWorker.java:52)
	at org.testng.SuiteRunnerWorker.run(SuiteRunnerWorker.java:86)
	at org.testng.TestNG.runSuitesSequentially(TestNG.java:1264)
	at org.testng.TestNG.runSuitesLocally(TestNG.java:1189)
	at org.testng.TestNG.runSuites(TestNG.java:1104)
	at org.testng.TestNG.run(TestNG.java:1076)
	at org.testng.remote.AbstractRemoteTestNG.run(AbstractRemoteTestNG.java:126)
	at org.testng.remote.RemoteTestNG.initAndRun(RemoteTestNG.java:152)
	at org.testng.remote.RemoteTestNG.main(RemoteTestNG.java:57)
]]>
            </full-stacktrace>
          </exception> <!-- java.lang.AssertionError -->
          <reporter-output>
            <line>
              <![CDATA[HI]]>
            </line>
            <line>
              <![CDATA[Test:TestA is Fail]]>
            </line>
          </reporter-output>
        </test-method> <!-- TestA -->
        <test-method status="PASS" signature="closeApp(org.testng.ITestResult)[pri:0, instance:FrameworkScript.DemoA@482f8f11]" name="closeApp" is-config="true" duration-ms="932" started-at="2018-10-04T18:44:46Z" finished-at="2018-10-04T18:44:47Z">
          <params>
            <param index="0">
              <value>
                <![CDATA[[TestResult name=TestA status=FAILURE method=DemoA.TestA()[pri:0, instance:FrameworkScript.DemoA@482f8f11] output=HI]]]>
              </value>
            </param>
          </params>
          <reporter-output>
            <line>
              <![CDATA[TestName:TestA Status:FAIL]]>
            </line>
            <line>
              <![CDATA[PHOTO:./photo/Thu Oct 04 18_44_46 IST 2018.png]]>
            </line>
          </reporter-output>
        </test-method> <!-- closeApp -->
        <test-method status="PASS" signature="openApp(java.lang.String, java.lang.String)[pri:0, instance:FrameworkScript.DemoA@482f8f11]" name="openApp" is-config="true" duration-ms="9218" started-at="2018-10-04T18:44:47Z" finished-at="2018-10-04T18:44:56Z">
          <params>
            <param index="0">
              <value>
                <![CDATA[localhost]]>
              </value>
            </param>
            <param index="1">
              <value>
                <![CDATA[chrome]]>
              </value>
            </param>
          </params>
          <reporter-output>
          </reporter-output>
        </test-method> <!-- openApp -->
        <test-method status="PASS" signature="testA()[pri:0, instance:FrameworkScript.DemoA@482f8f11]" name="testA" duration-ms="383" started-at="2018-10-04T18:44:56Z" finished-at="2018-10-04T18:44:57Z">
          <reporter-output>
            <line>
              <![CDATA[Test:testA is Pass ]]>
            </line>
          </reporter-output>
        </test-method> <!-- testA -->
        <test-method status="PASS" signature="closeApp(org.testng.ITestResult)[pri:0, instance:FrameworkScript.DemoA@482f8f11]" name="closeApp" is-config="true" duration-ms="622" started-at="2018-10-04T18:44:57Z" finished-at="2018-10-04T18:44:57Z">
          <params>
            <param index="0">
              <value>
                <![CDATA[[TestResult name=testA status=SUCCESS method=DemoA.testA()[pri:0, instance:FrameworkScript.DemoA@482f8f11] output=Test:testA is Pass ]]]>
              </value>
            </param>
          </params>
          <reporter-output>
            <line>
              <![CDATA[TestName:testA Status:PASS]]>
            </line>
          </reporter-output>
        </test-method> <!-- closeApp -->
      </class> <!-- FrameworkScript.DemoA -->
    </test> <!-- Default test -->
  </suite> <!-- Default suite -->
</testng-results>
